<?xml version="1.0" encoding="UTF-8"?>
<testsuite xmlns:xsi="http://www.w3.org/2001/XMLSchema-instance" xsi:noNamespaceSchemaLocation="https://maven.apache.org/surefire/maven-surefire-plugin/xsd/surefire-test-report.xsd" name="es.ies.carrillo.ramirez_medina_rafael.bolentin_tema7.LoginTest" time="0.204" tests="3" errors="0" skipped="0" failures="3">
  <properties>
    <property name="java.specification.version" value="21"/>
    <property name="sun.cpu.isalist" value="amd64"/>
    <property name="sun.jnu.encoding" value="Cp1252"/>
    <property name="java.class.path" value="C:\Users\obxid\Documents\2 DAM\DI\Workspace\BolentinTema7\target\test-classes;C:\Users\obxid\Documents\2 DAM\DI\Workspace\BolentinTema7\target\classes;C:\Users\obxid\.m2\repository\junit\junit\3.8.1\junit-3.8.1.jar;C:\Users\obxid\.m2\repository\unknown\binary\AbsoluteLayout\SNAPSHOT\AbsoluteLayout-SNAPSHOT.jar;C:\Users\obxid\.m2\repository\org\junit\jupiter\junit-jupiter-api\5.8.1\junit-jupiter-api-5.8.1.jar;C:\Users\obxid\.m2\repository\org\opentest4j\opentest4j\1.2.0\opentest4j-1.2.0.jar;C:\Users\obxid\.m2\repository\org\junit\platform\junit-platform-commons\1.8.1\junit-platform-commons-1.8.1.jar;C:\Users\obxid\.m2\repository\org\apiguardian\apiguardian-api\1.1.2\apiguardian-api-1.1.2.jar;"/>
    <property name="java.vm.vendor" value="Oracle Corporation"/>
    <property name="sun.arch.data.model" value="64"/>
    <property name="user.variant" value=""/>
    <property name="java.vendor.url" value="https://java.oracle.com/"/>
    <property name="user.timezone" value="Europe/Madrid"/>
    <property name="os.name" value="Windows 11"/>
    <property name="java.vm.specification.version" value="21"/>
    <property name="sun.java.launcher" value="SUN_STANDARD"/>
    <property name="user.country" value="ES"/>
    <property name="sun.boot.library.path" value="C:\Program Files\Java\jdk-21\bin"/>
    <property name="sun.java.command" value="C:\Users\obxid\AppData\Local\Temp\surefire17869101398040729323\surefirebooter12628092728203046556.jar C:\Users\obxid\AppData\Local\Temp\surefire17869101398040729323 2023-12-22T17-37-23_356-jvmRun1 surefire7363067111596877526tmp surefire_011495592738169969158tmp"/>
    <property name="jdk.debug" value="release"/>
    <property name="surefire.test.class.path" value="C:\Users\obxid\Documents\2 DAM\DI\Workspace\BolentinTema7\target\test-classes;C:\Users\obxid\Documents\2 DAM\DI\Workspace\BolentinTema7\target\classes;C:\Users\obxid\.m2\repository\junit\junit\3.8.1\junit-3.8.1.jar;C:\Users\obxid\.m2\repository\unknown\binary\AbsoluteLayout\SNAPSHOT\AbsoluteLayout-SNAPSHOT.jar;C:\Users\obxid\.m2\repository\org\junit\jupiter\junit-jupiter-api\5.8.1\junit-jupiter-api-5.8.1.jar;C:\Users\obxid\.m2\repository\org\opentest4j\opentest4j\1.2.0\opentest4j-1.2.0.jar;C:\Users\obxid\.m2\repository\org\junit\platform\junit-platform-commons\1.8.1\junit-platform-commons-1.8.1.jar;C:\Users\obxid\.m2\repository\org\apiguardian\apiguardian-api\1.1.2\apiguardian-api-1.1.2.jar;"/>
    <property name="sun.cpu.endian" value="little"/>
    <property name="user.home" value="C:\Users\obxid"/>
    <property name="user.language" value="es"/>
    <property name="java.specification.vendor" value="Oracle Corporation"/>
    <property name="java.version.date" value="2023-09-19"/>
    <property name="java.home" value="C:\Program Files\Java\jdk-21"/>
    <property name="file.separator" value="\"/>
    <property name="basedir" value="C:\Users\obxid\Documents\2 DAM\DI\Workspace\BolentinTema7"/>
    <property name="java.vm.compressedOopsMode" value="Zero based"/>
    <property name="line.separator" value="&#10;"/>
    <property name="java.vm.specification.vendor" value="Oracle Corporation"/>
    <property name="java.specification.name" value="Java Platform API Specification"/>
    <property name="surefire.real.class.path" value="C:\Users\obxid\AppData\Local\Temp\surefire17869101398040729323\surefirebooter12628092728203046556.jar"/>
    <property name="user.script" value=""/>
    <property name="sun.management.compiler" value="HotSpot 64-Bit Tiered Compilers"/>
    <property name="java.runtime.version" value="21+35-LTS-2513"/>
    <property name="user.name" value="obxid"/>
    <property name="stdout.encoding" value="Cp1252"/>
    <property name="path.separator" value=";"/>
    <property name="os.version" value="10.0"/>
    <property name="java.runtime.name" value="Java(TM) SE Runtime Environment"/>
    <property name="file.encoding" value="UTF-8"/>
    <property name="java.vm.name" value="Java HotSpot(TM) 64-Bit Server VM"/>
    <property name="localRepository" value="C:\Users\obxid\.m2\repository"/>
    <property name="java.vendor.url.bug" value="https://bugreport.java.com/bugreport/"/>
    <property name="java.io.tmpdir" value="C:\Users\obxid\AppData\Local\Temp\"/>
    <property name="java.version" value="21"/>
    <property name="user.dir" value="C:\Users\obxid\Documents\2 DAM\DI\Workspace\BolentinTema7"/>
    <property name="os.arch" value="amd64"/>
    <property name="java.vm.specification.name" value="Java Virtual Machine Specification"/>
    <property name="sun.os.patch.level" value=""/>
    <property name="native.encoding" value="Cp1252"/>
    <property name="java.library.path" value="C:\Program Files\Java\jdk-21\bin;C:\Windows\Sun\Java\bin;C:\Windows\system32;C:\Windows;C:\Users\obxid\bin;C:\Program Files\Git\mingw64\bin;C:\Program Files\Git\usr\local\bin;C:\Program Files\Git\usr\bin;C:\Program Files\Git\usr\bin;C:\Program Files\Git\mingw64\bin;C:\Program Files\Git\usr\bin;C:\Users\obxid\bin;C:\Program Files\Common Files\Oracle\Java\javapath;C:\Program Files (x86)\Common Files\Oracle\Java\javapath;C:\Windows\system32;C:\Windows;C:\Windows\System32\Wbem;C:\Windows\System32\WindowsPowerShell\v1.0;C:\Windows\System32\OpenSSH;C:\Program Files\Java\jdk-21\bin;C:\apache-maven-3.8.6\bin;C:\Program Files\NVIDIA Corporation\NVIDIA NvDLISR;C:\Program Files (x86)\NVIDIA Corporation\PhysX\Common;C:\Program Files\AutoFirmaJA\AutoFirmaJA;C:\Program Files\Git\cmd;C:\Users\obxid\Documents\xampp\php;C:\Program Files\Docker\Docker\resources\bin;C:\Program Files\nodejs;C:\Program Files\PuTTY;C:\ProgramData\ComposerSetup\bin;C:\Program Files\MySQL\MySQL Shell 8.0\bin;C:\Users\obxid\AppData\Local\Microsoft\WindowsApps;C:\Users\obxid\Documents\xampp\php;C:\Users\obxid\AppData\Local\GitHubDesktop\bin;C:\Users\obxid\AppData\Local\Programs\Microsoft VS Code\bin;C:\Users\obxid\AppData\Roaming\npm;C:\Users\obxid\AppData\Roaming\Composer\vendor\bin;C:\Program Files\Git\usr\bin\vendor_perl;C:\Program Files\Git\usr\bin\core_perl;."/>
    <property name="java.vm.info" value="mixed mode, sharing"/>
    <property name="stderr.encoding" value="Cp1252"/>
    <property name="java.vendor" value="Oracle Corporation"/>
    <property name="java.vm.version" value="21+35-LTS-2513"/>
    <property name="sun.io.unicode.encoding" value="UnicodeLittle"/>
    <property name="java.class.version" value="65.0"/>
  </properties>
  <testcase name="es.ies.carrillo.ramirez_medina_rafael.bolentin_tema7.LoginTest.testLoginCorrecto" classname="es.ies.carrillo.ramirez_medina_rafael.bolentin_tema7.LoginTest" time="0.201">
    <failure message="Cannot invoke &quot;java.net.URL.toExternalForm()&quot; because &quot;location&quot; is null" type="java.lang.NullPointerException"><![CDATA[java.lang.NullPointerException: Cannot invoke "java.net.URL.toExternalForm()" because "location" is null
	at java.desktop/javax.swing.ImageIcon.<init>(ImageIcon.java:232)
	at es.ies.carrillo.ramirez_medina_rafael.bolentin_tema7.vista.CredentialsList.<init>(CredentialsList.java:416)
	at es.ies.carrillo.ramirez_medina_rafael.bolentin_tema7.controlador.ControladorLogin.comprobarLogin(ControladorLogin.java:34)
	at es.ies.carrillo.ramirez_medina_rafael.bolentin_tema7.LoginTest.testLoginCorrecto(LoginTest.java:16)
]]></failure>
  </testcase>
  <testcase name="es.ies.carrillo.ramirez_medina_rafael.bolentin_tema7.LoginTest.testCamposVacios" classname="es.ies.carrillo.ramirez_medina_rafael.bolentin_tema7.LoginTest" time="0.002">
    <failure message="Cannot invoke &quot;java.net.URL.toExternalForm()&quot; because &quot;location&quot; is null" type="java.lang.NullPointerException"><![CDATA[java.lang.NullPointerException: Cannot invoke "java.net.URL.toExternalForm()" because "location" is null
	at java.desktop/javax.swing.ImageIcon.<init>(ImageIcon.java:232)
	at es.ies.carrillo.ramirez_medina_rafael.bolentin_tema7.vista.DialogInformation.<init>(DialogInformation.java:59)
	at es.ies.carrillo.ramirez_medina_rafael.bolentin_tema7.controlador.ControladorLogin.comprobarLogin(ControladorLogin.java:29)
	at es.ies.carrillo.ramirez_medina_rafael.bolentin_tema7.LoginTest.testCamposVacios(LoginTest.java:30)
]]></failure>
  </testcase>
  <testcase name="es.ies.carrillo.ramirez_medina_rafael.bolentin_tema7.LoginTest.testLoginIncorrecto" classname="es.ies.carrillo.ramirez_medina_rafael.bolentin_tema7.LoginTest" time="0">
    <failure message="Cannot invoke &quot;java.net.URL.toExternalForm()&quot; because &quot;location&quot; is null" type="java.lang.NullPointerException"><![CDATA[java.lang.NullPointerException: Cannot invoke "java.net.URL.toExternalForm()" because "location" is null
	at java.desktop/javax.swing.ImageIcon.<init>(ImageIcon.java:232)
	at es.ies.carrillo.ramirez_medina_rafael.bolentin_tema7.vista.DialogInformation.<init>(DialogInformation.java:59)
	at es.ies.carrillo.ramirez_medina_rafael.bolentin_tema7.controlador.ControladorLogin.comprobarLogin(ControladorLogin.java:40)
	at es.ies.carrillo.ramirez_medina_rafael.bolentin_tema7.LoginTest.testLoginIncorrecto(LoginTest.java:23)
]]></failure>
  </testcase>
</testsuite>